<?xml version="1.0" encoding="UTF-8"?>
<robot generator="Robot 6.1.1 (Python 3.12.10 on win32)" generated="20250527 21:42:50.037" rpa="false" schemaversion="4">
<suite id="s1" name="TestDemo2" source="H:\Automation\Office\RobotFramework\TestCases\TestDemo2.robot">
<test id="s1-t1" name="Validate Succesul Login" line="18">
<kw name="Open The Browser With Mortgage Payment URL" type="SETUP">
<kw name="Open Browser" library="SeleniumLibrary">
<arg>${URL}</arg>
<arg>chrome</arg>
<doc>Opens a new browser instance to the optional ``url``.</doc>
<msg timestamp="20250527 21:42:50.385" level="INFO">Opening browser 'chrome' to base url 'https://example.com'.</msg>
<status status="PASS" starttime="20250527 21:42:50.369" endtime="20250527 21:42:53.579"/>
</kw>
<kw name="Maximize Browser Window" library="SeleniumLibrary">
<doc>Maximizes current browser window.</doc>
<status status="PASS" starttime="20250527 21:42:53.579" endtime="20250527 21:42:53.607"/>
</kw>
<status status="PASS" starttime="20250527 21:42:50.369" endtime="20250527 21:42:53.612"/>
</kw>
<kw name="Fill The Login Form">
<arg>${user_name}</arg>
<arg>${invalid_password}</arg>
<kw name="Input Text" library="SeleniumLibrary">
<arg>id:username</arg>
<arg>${username}</arg>
<doc>Types the given ``text`` into the text field identified by ``locator``.</doc>
<msg timestamp="20250527 21:42:53.612" level="INFO">Typing text 'rahulshettyacademy' into text field 'id:username'.</msg>
<msg timestamp="20250527 21:42:53.776" level="INFO" html="true">&lt;/td&gt;&lt;/tr&gt;&lt;tr&gt;&lt;td colspan="3"&gt;&lt;a href="selenium-screenshot-8.png"&gt;&lt;img src="selenium-screenshot-8.png" width="800px"&gt;&lt;/a&gt;</msg>
<msg timestamp="20250527 21:42:53.776" level="FAIL">Element with locator 'id:username' not found.</msg>
<status status="FAIL" starttime="20250527 21:42:53.612" endtime="20250527 21:42:53.792"/>
</kw>
<kw name="Input Text" library="SeleniumLibrary">
<arg>id:password</arg>
<doc>Types the given ``text`` into the text field identified by ``locator``.</doc>
<status status="NOT RUN" starttime="20250527 21:42:53.792" endtime="20250527 21:42:53.792"/>
</kw>
<status status="FAIL" starttime="20250527 21:42:53.612" endtime="20250527 21:42:53.792"/>
</kw>
<kw name="Wait Until Element Is Visible" library="SeleniumLibrary">
<arg>${Error_Message_Login}</arg>
<doc>Waits until the element ``locator`` is visible.</doc>
<status status="NOT RUN" starttime="20250527 21:42:53.792" endtime="20250527 21:42:53.792"/>
</kw>
<kw name="Verify Error Message Is Correct">
<status status="NOT RUN" starttime="20250527 21:42:53.793" endtime="20250527 21:42:53.798"/>
</kw>
<kw name="Close Browser Session" type="TEARDOWN">
<kw name="Close Browser" library="SeleniumLibrary">
<doc>Closes the current browser.</doc>
<status status="PASS" starttime="20250527 21:42:53.798" endtime="20250527 21:42:55.981"/>
</kw>
<status status="PASS" starttime="20250527 21:42:53.798" endtime="20250527 21:42:55.981"/>
</kw>
<status status="FAIL" starttime="20250527 21:42:50.369" endtime="20250527 21:42:55.981">Element with locator 'id:username' not found.</status>
</test>
<doc>To validate the Login form</doc>
<status status="FAIL" starttime="20250527 21:42:50.059" endtime="20250527 21:42:55.981"/>
</suite>
<statistics>
<total>
<stat pass="0" fail="1" skip="0">All Tests</stat>
</total>
<tag>
</tag>
<suite>
<stat pass="0" fail="1" skip="0" id="s1" name="TestDemo2">TestDemo2</stat>
</suite>
</statistics>
<errors>
<msg timestamp="20250527 21:42:50.369" level="ERROR">Error in file 'H:\Automation\Office\RobotFramework\TestCases\TestDemo2.robot' on line 7: Resource file '...\PO\Generic.robot' does not exist.</msg>
</errors>
</robot>
